2025-07-29 00:49:55 INFO: new version
2025-07-29 00:49:55 INFO: Application starting up
2025-07-29 00:50:02 INFO: Creating new application data
2025-07-29 00:50:02 DEBUG: Post mapping stored: be89748d-7683-4035-87d0-59a157a1e84c -> be89748d-7683-4035-87d0-59a157a1e84c
2025-07-29 00:50:02 DEBUG: Loading comments for post ID: be89748d-7683-4035-87d0-59a157a1e84c
2025-07-29 00:50:02 INFO: Loaded 0 comments for post
2025-07-29 00:50:03 WARNING: Error loading votes for post: Cannot invoke "main.java.model.Vote.getUpvote()" because "vote" is null
2025-07-29 00:50:03 DEBUG: Post mapping stored: 94cae80b-6223-4803-beda-9b564e3e1191 -> 94cae80b-6223-4803-beda-9b564e3e1191
2025-07-29 00:50:03 DEBUG: Loading comments for post ID: 94cae80b-6223-4803-beda-9b564e3e1191
2025-07-29 00:50:03 INFO: Loaded 0 comments for post
2025-07-29 00:50:04 WARNING: Error loading votes for post: Cannot invoke "main.java.model.Vote.getUpvote()" because "vote" is null
2025-07-29 00:50:04 DEBUG: Post mapping stored: d8c15dec-f46d-4ba8-9cd7-c8a72b787ad4 -> d8c15dec-f46d-4ba8-9cd7-c8a72b787ad4
2025-07-29 00:50:04 DEBUG: Loading comments for post ID: d8c15dec-f46d-4ba8-9cd7-c8a72b787ad4
2025-07-29 00:50:04 INFO: Loaded 0 comments for post
2025-07-29 00:50:05 WARNING: Error loading votes for post: Cannot invoke "main.java.model.Vote.getUpvote()" because "vote" is null
2025-07-29 00:50:05 DEBUG: Post mapping stored: a0c8e1a9-05e0-436a-8a0d-6d0ac498a00d -> a0c8e1a9-05e0-436a-8a0d-6d0ac498a00d
2025-07-29 00:50:05 DEBUG: Loading comments for post ID: a0c8e1a9-05e0-436a-8a0d-6d0ac498a00d
2025-07-29 00:50:05 INFO: Loaded 0 comments for post
2025-07-29 00:50:05 WARNING: Error loading votes for post: Cannot invoke "main.java.model.Vote.getUpvote()" because "vote" is null
2025-07-29 00:50:05 DEBUG: Post mapping stored: ae027fa3-736c-49de-84c3-1f37292390f6 -> ae027fa3-736c-49de-84c3-1f37292390f6
2025-07-29 00:50:05 DEBUG: Loading comments for post ID: ae027fa3-736c-49de-84c3-1f37292390f6
2025-07-29 00:50:06 INFO: Loaded 0 comments for post
2025-07-29 00:50:06 WARNING: Error loading votes for post: Cannot invoke "main.java.model.Vote.getUpvote()" because "vote" is null
2025-07-29 00:50:06 DEBUG: Post mapping stored: dc0c4f19-25a6-4b36-b076-b8df4d36bf65 -> dc0c4f19-25a6-4b36-b076-b8df4d36bf65
2025-07-29 00:50:06 DEBUG: Loading comments for post ID: dc0c4f19-25a6-4b36-b076-b8df4d36bf65
2025-07-29 00:50:07 INFO: Loaded 0 comments for post
2025-07-29 00:50:07 WARNING: Error loading votes for post: Cannot invoke "main.java.model.Vote.getUpvote()" because "vote" is null
2025-07-29 00:50:07 DEBUG: Post mapping stored: daccb118-d5d4-4788-a1a5-7ec212f09927 -> daccb118-d5d4-4788-a1a5-7ec212f09927
2025-07-29 00:50:07 DEBUG: Loading comments for post ID: daccb118-d5d4-4788-a1a5-7ec212f09927
2025-07-29 00:50:07 INFO: Loaded 0 comments for post
2025-07-29 00:50:08 WARNING: Error loading votes for post: Cannot invoke "main.java.model.Vote.getUpvote()" because "vote" is null
2025-07-29 00:50:08 DEBUG: Post mapping stored: 5bade457-2c10-4aaa-88b9-7017b517a4aa -> 5bade457-2c10-4aaa-88b9-7017b517a4aa
2025-07-29 00:50:08 DEBUG: Loading comments for post ID: 5bade457-2c10-4aaa-88b9-7017b517a4aa
2025-07-29 00:50:08 INFO: Loaded 0 comments for post
2025-07-29 00:50:09 WARNING: Error loading votes for post: Cannot invoke "main.java.model.Vote.getUpvote()" because "vote" is null
2025-07-29 00:50:09 INFO: Loaded 8 posts from database
2025-07-29 00:50:09 INFO: Loaded 1 users from database
2025-07-29 00:50:09 INFO: PostController initialized with endpoints:
2025-07-29 00:50:09 INFO: - GET /api/posts
2025-07-29 00:50:09 INFO: - POST /api/posts
2025-07-29 00:50:09 INFO: - POST /api/posts/test
2025-07-29 00:50:09 INFO: - POST /api/posts/test-raw
2025-07-29 00:50:09 INFO: - POST /api/posts/test-simple
2025-07-29 00:50:09 INFO: VoteController initialized with endpoints:
2025-07-29 00:50:09 INFO: - POST /api/post/{postId}/upvote
2025-07-29 00:50:09 INFO: - POST /api/post/{postId}/downvote
2025-07-29 00:50:09 INFO: - POST /api/comment/{commentId}/upvote
2025-07-29 00:50:09 INFO: - POST /api/comment/{commentId}/downvote
2025-07-29 00:56:07 INFO: new version
2025-07-29 00:56:07 INFO: Application starting up
2025-07-29 00:56:13 INFO: Creating new application data
2025-07-29 00:56:13 DEBUG: Post mapping stored: be89748d-7683-4035-87d0-59a157a1e84c -> be89748d-7683-4035-87d0-59a157a1e84c
2025-07-29 00:56:13 DEBUG: Loading comments for post ID: be89748d-7683-4035-87d0-59a157a1e84c
2025-07-29 00:56:13 INFO: Loaded 0 comments for post
2025-07-29 00:56:14 WARNING: Error loading votes for post: Cannot invoke "main.java.model.Vote.getUpvote()" because "vote" is null
2025-07-29 00:56:14 DEBUG: Post mapping stored: 94cae80b-6223-4803-beda-9b564e3e1191 -> 94cae80b-6223-4803-beda-9b564e3e1191
2025-07-29 00:56:14 DEBUG: Loading comments for post ID: 94cae80b-6223-4803-beda-9b564e3e1191
2025-07-29 00:56:14 INFO: Loaded 0 comments for post
2025-07-29 00:56:15 WARNING: Error loading votes for post: Cannot invoke "main.java.model.Vote.getUpvote()" because "vote" is null
2025-07-29 00:56:15 DEBUG: Post mapping stored: d8c15dec-f46d-4ba8-9cd7-c8a72b787ad4 -> d8c15dec-f46d-4ba8-9cd7-c8a72b787ad4
2025-07-29 00:56:15 DEBUG: Loading comments for post ID: d8c15dec-f46d-4ba8-9cd7-c8a72b787ad4
2025-07-29 00:56:15 INFO: Loaded 0 comments for post
2025-07-29 00:56:16 WARNING: Error loading votes for post: Cannot invoke "main.java.model.Vote.getUpvote()" because "vote" is null
2025-07-29 00:56:16 DEBUG: Post mapping stored: a0c8e1a9-05e0-436a-8a0d-6d0ac498a00d -> a0c8e1a9-05e0-436a-8a0d-6d0ac498a00d
2025-07-29 00:56:16 DEBUG: Loading comments for post ID: a0c8e1a9-05e0-436a-8a0d-6d0ac498a00d
2025-07-29 00:56:16 INFO: Loaded 0 comments for post
2025-07-29 00:56:16 WARNING: Error loading votes for post: Cannot invoke "main.java.model.Vote.getUpvote()" because "vote" is null
2025-07-29 00:56:16 DEBUG: Post mapping stored: ae027fa3-736c-49de-84c3-1f37292390f6 -> ae027fa3-736c-49de-84c3-1f37292390f6
2025-07-29 00:56:16 DEBUG: Loading comments for post ID: ae027fa3-736c-49de-84c3-1f37292390f6
2025-07-29 00:56:17 INFO: Loaded 0 comments for post
2025-07-29 00:56:17 WARNING: Error loading votes for post: Cannot invoke "main.java.model.Vote.getUpvote()" because "vote" is null
2025-07-29 00:56:17 DEBUG: Post mapping stored: dc0c4f19-25a6-4b36-b076-b8df4d36bf65 -> dc0c4f19-25a6-4b36-b076-b8df4d36bf65
2025-07-29 00:56:17 DEBUG: Loading comments for post ID: dc0c4f19-25a6-4b36-b076-b8df4d36bf65
2025-07-29 00:56:18 INFO: Loaded 0 comments for post
2025-07-29 00:56:18 WARNING: Error loading votes for post: Cannot invoke "main.java.model.Vote.getUpvote()" because "vote" is null
2025-07-29 00:56:18 DEBUG: Post mapping stored: daccb118-d5d4-4788-a1a5-7ec212f09927 -> daccb118-d5d4-4788-a1a5-7ec212f09927
2025-07-29 00:56:18 DEBUG: Loading comments for post ID: daccb118-d5d4-4788-a1a5-7ec212f09927
2025-07-29 00:56:18 INFO: Loaded 0 comments for post
2025-07-29 00:56:19 WARNING: Error loading votes for post: Cannot invoke "main.java.model.Vote.getUpvote()" because "vote" is null
2025-07-29 00:56:19 DEBUG: Post mapping stored: 5bade457-2c10-4aaa-88b9-7017b517a4aa -> 5bade457-2c10-4aaa-88b9-7017b517a4aa
2025-07-29 00:56:19 DEBUG: Loading comments for post ID: 5bade457-2c10-4aaa-88b9-7017b517a4aa
2025-07-29 00:56:19 INFO: Loaded 0 comments for post
2025-07-29 00:56:20 WARNING: Error loading votes for post: Cannot invoke "main.java.model.Vote.getUpvote()" because "vote" is null
2025-07-29 00:56:20 INFO: Loaded 8 posts from database
2025-07-29 00:56:20 INFO: Loaded 1 users from database
2025-07-29 00:56:20 INFO: PostController initialized with endpoints:
2025-07-29 00:56:20 INFO: - GET /api/posts
2025-07-29 00:56:20 INFO: - POST /api/posts
2025-07-29 00:56:20 INFO: - POST /api/posts/test
2025-07-29 00:56:20 INFO: - POST /api/posts/test-raw
2025-07-29 00:56:20 INFO: - POST /api/posts/test-simple
2025-07-29 00:56:20 INFO: VoteController initialized with endpoints:
2025-07-29 00:56:20 INFO: - POST /api/post/{postId}/upvote
2025-07-29 00:56:20 INFO: - POST /api/post/{postId}/downvote
2025-07-29 00:56:20 INFO: - POST /api/comment/{commentId}/upvote
2025-07-29 00:56:20 INFO: - POST /api/comment/{commentId}/downvote
2025-07-30 16:20:32 INFO: new version
2025-07-30 16:20:32 INFO: Application starting up
2025-07-30 16:20:39 INFO: Creating new application data
2025-07-30 16:20:39 DEBUG: Post mapping stored: be89748d-7683-4035-87d0-59a157a1e84c -> be89748d-7683-4035-87d0-59a157a1e84c
2025-07-30 16:20:39 DEBUG: Loading comments for post ID: be89748d-7683-4035-87d0-59a157a1e84c
2025-07-30 16:20:39 INFO: Loaded 0 comments for post
2025-07-30 16:20:40 WARNING: Error loading votes for post: Cannot invoke "main.java.model.Vote.getUpvote()" because "vote" is null
2025-07-30 16:20:40 DEBUG: Post mapping stored: 94cae80b-6223-4803-beda-9b564e3e1191 -> 94cae80b-6223-4803-beda-9b564e3e1191
2025-07-30 16:20:40 DEBUG: Loading comments for post ID: 94cae80b-6223-4803-beda-9b564e3e1191
2025-07-30 16:20:40 INFO: Loaded 0 comments for post
2025-07-30 16:20:41 WARNING: Error loading votes for post: Cannot invoke "main.java.model.Vote.getUpvote()" because "vote" is null
2025-07-30 16:20:41 DEBUG: Post mapping stored: d8c15dec-f46d-4ba8-9cd7-c8a72b787ad4 -> d8c15dec-f46d-4ba8-9cd7-c8a72b787ad4
2025-07-30 16:20:41 DEBUG: Loading comments for post ID: d8c15dec-f46d-4ba8-9cd7-c8a72b787ad4
2025-07-30 16:20:41 INFO: Loaded 0 comments for post
2025-07-30 16:20:42 WARNING: Error loading votes for post: Cannot invoke "main.java.model.Vote.getUpvote()" because "vote" is null
2025-07-30 16:20:42 DEBUG: Post mapping stored: a0c8e1a9-05e0-436a-8a0d-6d0ac498a00d -> a0c8e1a9-05e0-436a-8a0d-6d0ac498a00d
2025-07-30 16:20:42 DEBUG: Loading comments for post ID: a0c8e1a9-05e0-436a-8a0d-6d0ac498a00d
2025-07-30 16:20:43 INFO: Loaded 0 comments for post
2025-07-30 16:20:43 WARNING: Error loading votes for post: Cannot invoke "main.java.model.Vote.getUpvote()" because "vote" is null
2025-07-30 16:20:43 DEBUG: Post mapping stored: ae027fa3-736c-49de-84c3-1f37292390f6 -> ae027fa3-736c-49de-84c3-1f37292390f6
2025-07-30 16:20:43 DEBUG: Loading comments for post ID: ae027fa3-736c-49de-84c3-1f37292390f6
2025-07-30 16:20:44 INFO: Loaded 0 comments for post
2025-07-30 16:20:44 WARNING: Error loading votes for post: Cannot invoke "main.java.model.Vote.getUpvote()" because "vote" is null
2025-07-30 16:20:44 DEBUG: Post mapping stored: dc0c4f19-25a6-4b36-b076-b8df4d36bf65 -> dc0c4f19-25a6-4b36-b076-b8df4d36bf65
2025-07-30 16:20:44 DEBUG: Loading comments for post ID: dc0c4f19-25a6-4b36-b076-b8df4d36bf65
2025-07-30 16:20:45 INFO: Loaded 0 comments for post
2025-07-30 16:20:45 WARNING: Error loading votes for post: Cannot invoke "main.java.model.Vote.getUpvote()" because "vote" is null
2025-07-30 16:20:45 DEBUG: Post mapping stored: daccb118-d5d4-4788-a1a5-7ec212f09927 -> daccb118-d5d4-4788-a1a5-7ec212f09927
2025-07-30 16:20:45 DEBUG: Loading comments for post ID: daccb118-d5d4-4788-a1a5-7ec212f09927
2025-07-30 16:20:46 INFO: Loaded 0 comments for post
2025-07-30 16:20:46 WARNING: Error loading votes for post: Cannot invoke "main.java.model.Vote.getUpvote()" because "vote" is null
2025-07-30 16:20:46 DEBUG: Post mapping stored: 5bade457-2c10-4aaa-88b9-7017b517a4aa -> 5bade457-2c10-4aaa-88b9-7017b517a4aa
2025-07-30 16:20:46 DEBUG: Loading comments for post ID: 5bade457-2c10-4aaa-88b9-7017b517a4aa
2025-07-30 16:20:47 INFO: Loaded 0 comments for post
2025-07-30 16:20:47 WARNING: Error loading votes for post: Cannot invoke "main.java.model.Vote.getUpvote()" because "vote" is null
2025-07-30 16:20:47 INFO: Loaded 8 posts from database
2025-07-30 16:20:48 INFO: Loaded 1 users from database
2025-07-30 16:20:48 INFO: PostController initialized with endpoints:
2025-07-30 16:20:48 INFO: - GET /posts
2025-07-30 16:20:48 INFO: - POST /posts
2025-07-30 16:20:48 INFO: VoteController initialized with endpoints:
2025-07-30 16:20:48 INFO: - POST /api/post/{postId}/upvote
2025-07-30 16:20:48 INFO: - POST /api/post/{postId}/downvote
2025-07-30 16:20:48 INFO: - POST /api/comment/{commentId}/upvote
2025-07-30 16:20:48 INFO: - POST /api/comment/{commentId}/downvote
2025-07-31 10:36:32 INFO: new version
2025-07-31 10:36:32 INFO: Application starting up
2025-07-31 10:36:39 INFO: Creating new application data
2025-07-31 10:36:39 DEBUG: Post mapping stored: be89748d-7683-4035-87d0-59a157a1e84c -> be89748d-7683-4035-87d0-59a157a1e84c
2025-07-31 10:36:39 DEBUG: Loading comments for post ID: be89748d-7683-4035-87d0-59a157a1e84c
2025-07-31 10:36:39 INFO: Loaded 0 comments for post
2025-07-31 10:36:40 WARNING: Error loading votes for post: Cannot invoke "main.java.model.Vote.getUpvote()" because "vote" is null
2025-07-31 10:36:40 DEBUG: Post mapping stored: 94cae80b-6223-4803-beda-9b564e3e1191 -> 94cae80b-6223-4803-beda-9b564e3e1191
2025-07-31 10:36:40 DEBUG: Loading comments for post ID: 94cae80b-6223-4803-beda-9b564e3e1191
2025-07-31 10:36:40 INFO: Loaded 0 comments for post
2025-07-31 10:36:41 WARNING: Error loading votes for post: Cannot invoke "main.java.model.Vote.getUpvote()" because "vote" is null
2025-07-31 10:36:41 DEBUG: Post mapping stored: d8c15dec-f46d-4ba8-9cd7-c8a72b787ad4 -> d8c15dec-f46d-4ba8-9cd7-c8a72b787ad4
2025-07-31 10:36:41 DEBUG: Loading comments for post ID: d8c15dec-f46d-4ba8-9cd7-c8a72b787ad4
2025-07-31 10:36:41 INFO: Loaded 0 comments for post
2025-07-31 10:36:42 WARNING: Error loading votes for post: Cannot invoke "main.java.model.Vote.getUpvote()" because "vote" is null
2025-07-31 10:36:42 DEBUG: Post mapping stored: a0c8e1a9-05e0-436a-8a0d-6d0ac498a00d -> a0c8e1a9-05e0-436a-8a0d-6d0ac498a00d
2025-07-31 10:36:42 DEBUG: Loading comments for post ID: a0c8e1a9-05e0-436a-8a0d-6d0ac498a00d
2025-07-31 10:36:42 INFO: Loaded 0 comments for post
2025-07-31 10:36:43 WARNING: Error loading votes for post: Cannot invoke "main.java.model.Vote.getUpvote()" because "vote" is null
2025-07-31 10:36:43 DEBUG: Post mapping stored: ae027fa3-736c-49de-84c3-1f37292390f6 -> ae027fa3-736c-49de-84c3-1f37292390f6
2025-07-31 10:36:43 DEBUG: Loading comments for post ID: ae027fa3-736c-49de-84c3-1f37292390f6
2025-07-31 10:36:43 INFO: Loaded 0 comments for post
2025-07-31 10:36:44 WARNING: Error loading votes for post: Cannot invoke "main.java.model.Vote.getUpvote()" because "vote" is null
2025-07-31 10:36:44 DEBUG: Post mapping stored: dc0c4f19-25a6-4b36-b076-b8df4d36bf65 -> dc0c4f19-25a6-4b36-b076-b8df4d36bf65
2025-07-31 10:36:44 DEBUG: Loading comments for post ID: dc0c4f19-25a6-4b36-b076-b8df4d36bf65
2025-07-31 10:36:44 INFO: Loaded 0 comments for post
2025-07-31 10:36:45 WARNING: Error loading votes for post: Cannot invoke "main.java.model.Vote.getUpvote()" because "vote" is null
2025-07-31 10:36:45 DEBUG: Post mapping stored: daccb118-d5d4-4788-a1a5-7ec212f09927 -> daccb118-d5d4-4788-a1a5-7ec212f09927
2025-07-31 10:36:45 DEBUG: Loading comments for post ID: daccb118-d5d4-4788-a1a5-7ec212f09927
2025-07-31 10:36:45 INFO: Loaded 0 comments for post
2025-07-31 10:36:46 WARNING: Error loading votes for post: Cannot invoke "main.java.model.Vote.getUpvote()" because "vote" is null
2025-07-31 10:36:46 DEBUG: Post mapping stored: 5bade457-2c10-4aaa-88b9-7017b517a4aa -> 5bade457-2c10-4aaa-88b9-7017b517a4aa
2025-07-31 10:36:46 DEBUG: Loading comments for post ID: 5bade457-2c10-4aaa-88b9-7017b517a4aa
2025-07-31 10:36:46 INFO: Loaded 0 comments for post
2025-07-31 10:36:47 WARNING: Error loading votes for post: Cannot invoke "main.java.model.Vote.getUpvote()" because "vote" is null
2025-07-31 10:36:47 INFO: Loaded 8 posts from database
2025-07-31 10:36:47 INFO: Loaded 1 users from database
2025-07-31 10:36:47 INFO: PostController initialized with endpoints:
2025-07-31 10:36:47 INFO: - GET /posts
2025-07-31 10:36:47 INFO: - POST /posts
2025-07-31 10:36:47 INFO: VoteController initialized with endpoints:
2025-07-31 10:36:47 INFO: - POST /api/post/{postId}/upvote
2025-07-31 10:36:47 INFO: - POST /api/post/{postId}/downvote
2025-07-31 10:36:47 INFO: - POST /api/comment/{commentId}/upvote
2025-07-31 10:36:47 INFO: - POST /api/comment/{commentId}/downvote
2025-08-06 14:32:37 INFO: new version
2025-08-06 14:32:37 INFO: Application starting up
2025-08-06 15:02:44 INFO: new version
2025-08-06 15:02:44 INFO: Application starting up
2025-08-06 15:04:37 INFO: new version
2025-08-06 15:04:37 INFO: Application starting up
2025-08-06 15:06:21 INFO: new version
2025-08-06 15:06:21 INFO: Application starting up
2025-08-06 15:09:10 INFO: new version
2025-08-06 15:09:10 INFO: Application starting up
2025-08-06 15:26:53 INFO: new version
2025-08-06 15:26:53 INFO: Application starting up
2025-08-06 15:34:31 INFO: new version
2025-08-06 15:34:31 INFO: Application starting up
2025-08-06 16:36:39 INFO: new version
2025-08-06 16:36:39 INFO: Application starting up
2025-08-06 16:52:43 INFO: new version
2025-08-06 16:52:43 INFO: Application starting up
2025-08-06 17:00:28 INFO: new version
2025-08-06 17:00:28 INFO: Application starting up
2025-08-06 17:10:47 INFO: new version
2025-08-06 17:10:47 INFO: Application starting up
2025-08-06 17:20:12 INFO: new version
2025-08-06 17:20:12 INFO: Application starting up
2025-08-06 17:20:19 INFO: PostController initialized with endpoints:
2025-08-06 17:20:19 INFO: - GET /posts
2025-08-06 17:20:19 INFO: - POST /posts
2025-08-06 17:20:19 INFO: - PUT /posts/{id}
2025-08-06 17:20:19 INFO: - DELETE /posts/{id}
2025-08-06 17:20:19 INFO: - GET /posts/{id}
2025-08-06 17:20:19 INFO: - PUT /posts/{id}/vote
2025-08-06 17:20:20 INFO: Application shutting down
2025-08-06 17:49:26 INFO: new version
2025-08-06 17:49:26 INFO: Application starting up
2025-08-06 17:49:35 INFO: PostController initialized with endpoints:
2025-08-06 17:49:35 INFO: - GET /posts
2025-08-06 17:49:35 INFO: - POST /posts
2025-08-06 17:49:35 INFO: - PUT /posts/{id}
2025-08-06 17:49:35 INFO: - DELETE /posts/{id}
2025-08-06 17:49:35 INFO: - GET /posts/{id}
2025-08-06 17:49:35 INFO: - PUT /posts/{id}/vote
2025-08-06 17:49:35 INFO: Application shutting down
2025-08-07 14:39:42 INFO: new version
2025-08-07 14:39:42 INFO: Application starting up
2025-08-07 14:39:56 INFO: PostController initialized with endpoints:
2025-08-07 14:39:56 INFO: - GET /posts
2025-08-07 14:39:56 INFO: - POST /posts
2025-08-07 14:39:56 INFO: - PUT /posts/{id}
2025-08-07 14:39:56 INFO: - DELETE /posts/{id}
2025-08-07 14:39:56 INFO: - GET /posts/{id}
2025-08-07 14:39:56 INFO: - PUT /posts/{id}/vote
2025-08-07 14:39:57 INFO: Application shutting down
2025-08-07 15:26:21 INFO: new version
2025-08-07 15:26:21 INFO: Application starting up
2025-08-07 15:26:30 INFO: PostController initialized with endpoints:
2025-08-07 15:26:30 INFO: - GET /posts
2025-08-07 15:26:30 INFO: - POST /posts
2025-08-07 15:26:30 INFO: - PUT /posts/{id}
2025-08-07 15:26:30 INFO: - DELETE /posts/{id}
2025-08-07 15:26:30 INFO: - GET /posts/{id}
2025-08-07 15:26:30 INFO: - PUT /posts/{id}/vote
2025-08-07 15:26:30 INFO: Application shutting down
2025-08-07 15:34:35 INFO: new version
2025-08-07 15:34:35 INFO: Application starting up
2025-08-07 15:34:42 INFO: new version
2025-08-07 15:34:42 INFO: Application starting up
2025-08-07 15:34:50 INFO: PostController initialized with endpoints:
2025-08-07 15:34:50 INFO: - GET /posts
2025-08-07 15:34:50 INFO: - POST /posts
2025-08-07 15:34:50 INFO: - PUT /posts/{id}
2025-08-07 15:34:50 INFO: - DELETE /posts/{id}
2025-08-07 15:34:50 INFO: - GET /posts/{id}
2025-08-07 15:34:50 INFO: - PUT /posts/{id}/vote
2025-08-07 15:34:51 INFO: Application shutting down
2025-08-07 15:41:46 INFO: new version
2025-08-07 15:41:46 INFO: Application starting up
2025-08-07 15:41:55 INFO: PostController initialized with endpoints:
2025-08-07 15:41:55 INFO: - GET /posts
2025-08-07 15:41:55 INFO: - POST /posts
2025-08-07 15:41:55 INFO: - PUT /posts/{id}
2025-08-07 15:41:55 INFO: - DELETE /posts/{id}
2025-08-07 15:41:55 INFO: - GET /posts/{id}
2025-08-07 15:41:55 INFO: - PUT /posts/{id}/vote
2025-08-07 15:41:55 INFO: Application shutting down
2025-08-07 18:00:06 INFO: new version
2025-08-07 18:00:06 INFO: Application starting up
2025-08-07 18:00:15 INFO: PostController initialized with endpoints:
2025-08-07 18:00:15 INFO: - GET /posts
2025-08-07 18:00:15 INFO: - POST /posts
2025-08-07 18:00:15 INFO: - PUT /posts/{id}
2025-08-07 18:00:15 INFO: - DELETE /posts/{id}
2025-08-07 18:00:15 INFO: - GET /posts/{id}
2025-08-07 18:00:15 INFO: - PUT /posts/{id}/vote
2025-08-07 18:00:16 INFO: Application shutting down
2025-08-07 18:19:55 INFO: new version
2025-08-07 18:19:55 INFO: Application starting up
2025-08-07 18:25:24 INFO: new version
2025-08-07 18:25:24 INFO: Application starting up
2025-08-07 18:25:32 INFO: PostController initialized with endpoints:
2025-08-07 18:25:32 INFO: - GET /posts
2025-08-07 18:25:32 INFO: - POST /posts
2025-08-07 18:25:32 INFO: - PUT /posts/{id}
2025-08-07 18:25:32 INFO: - DELETE /posts/{id}
2025-08-07 18:25:32 INFO: - GET /posts/{id}
2025-08-07 18:25:32 INFO: - PUT /posts/{id}/vote
2025-08-07 18:25:32 INFO: Application shutting down
2025-08-07 18:34:20 INFO: new version
2025-08-07 18:34:20 INFO: Application starting up
2025-08-07 18:34:27 INFO: PostController initialized with endpoints:
2025-08-07 18:34:27 INFO: - GET /posts
2025-08-07 18:34:27 INFO: - POST /posts
2025-08-07 18:34:27 INFO: - PUT /posts/{id}
2025-08-07 18:34:27 INFO: - DELETE /posts/{id}
2025-08-07 18:34:27 INFO: - GET /posts/{id}
2025-08-07 18:34:27 INFO: - PUT /posts/{id}/vote
2025-08-07 18:34:27 INFO: Application shutting down
2025-08-07 18:42:20 INFO: new version
2025-08-07 18:42:20 INFO: Application starting up
2025-08-07 18:42:27 INFO: PostController initialized with endpoints:
2025-08-07 18:42:27 INFO: - GET /posts
2025-08-07 18:42:27 INFO: - POST /posts
2025-08-07 18:42:27 INFO: - PUT /posts/{id}
2025-08-07 18:42:27 INFO: - DELETE /posts/{id}
2025-08-07 18:42:27 INFO: - GET /posts/{id}
2025-08-07 18:42:27 INFO: - PUT /posts/{id}/vote
2025-08-07 18:42:27 INFO: Application shutting down
2025-08-07 19:27:08 INFO: new version
2025-08-07 19:27:08 INFO: Application starting up
2025-08-07 19:27:17 INFO: PostController initialized with endpoints:
2025-08-07 19:27:17 INFO: - GET /posts
2025-08-07 19:27:17 INFO: - POST /posts
2025-08-07 19:27:17 INFO: - PUT /posts/{id}
2025-08-07 19:27:17 INFO: - DELETE /posts/{id}
2025-08-07 19:27:17 INFO: - GET /posts/{id}
2025-08-07 19:27:17 INFO: - PUT /posts/{id}/vote
2025-08-07 19:27:17 INFO: Application shutting down
2025-08-07 19:40:44 INFO: new version
2025-08-07 19:40:44 INFO: Application starting up
2025-08-07 19:40:51 INFO: PostController initialized with endpoints:
2025-08-07 19:40:51 INFO: - GET /posts
2025-08-07 19:40:51 INFO: - POST /posts
2025-08-07 19:40:51 INFO: - PUT /posts/{id}
2025-08-07 19:40:51 INFO: - DELETE /posts/{id}
2025-08-07 19:40:51 INFO: - GET /posts/{id}
2025-08-07 19:40:51 INFO: - PUT /posts/{id}/vote
2025-08-07 19:40:52 INFO: Application shutting down
2025-08-07 19:41:42 INFO: new version
2025-08-07 19:41:42 INFO: Application starting up
2025-08-07 19:41:48 INFO: PostController initialized with endpoints:
2025-08-07 19:41:48 INFO: - GET /posts
2025-08-07 19:41:48 INFO: - POST /posts
2025-08-07 19:41:48 INFO: - PUT /posts/{id}
2025-08-07 19:41:48 INFO: - DELETE /posts/{id}
2025-08-07 19:41:48 INFO: - GET /posts/{id}
2025-08-07 19:41:48 INFO: - PUT /posts/{id}/vote
2025-08-07 19:41:49 INFO: Application shutting down
2025-08-07 19:51:17 INFO: new version
2025-08-07 19:51:17 INFO: Application starting up
2025-08-07 19:51:24 INFO: PostController initialized with endpoints:
2025-08-07 19:51:24 INFO: - GET /posts
2025-08-07 19:51:24 INFO: - POST /posts
2025-08-07 19:51:24 INFO: - PUT /posts/{id}
2025-08-07 19:51:24 INFO: - DELETE /posts/{id}
2025-08-07 19:51:24 INFO: - GET /posts/{id}
2025-08-07 19:51:24 INFO: - PUT /posts/{id}/vote
2025-08-07 19:51:24 INFO: Application shutting down
2025-08-07 19:57:22 INFO: new version
2025-08-07 19:57:22 INFO: Application starting up
2025-08-07 19:57:29 INFO: PostController initialized with endpoints:
2025-08-07 19:57:29 INFO: - GET /posts
2025-08-07 19:57:29 INFO: - POST /posts
2025-08-07 19:57:29 INFO: - PUT /posts/{id}
2025-08-07 19:57:29 INFO: - DELETE /posts/{id}
2025-08-07 19:57:29 INFO: - GET /posts/{id}
2025-08-07 19:57:29 INFO: - PUT /posts/{id}/vote
2025-08-07 19:57:29 INFO: Application shutting down
2025-08-07 20:01:47 INFO: new version
2025-08-07 20:01:47 INFO: Application starting up
2025-08-07 20:01:53 INFO: PostController initialized with endpoints:
2025-08-07 20:01:53 INFO: - GET /posts
2025-08-07 20:01:53 INFO: - POST /posts
2025-08-07 20:01:53 INFO: - PUT /posts/{id}
2025-08-07 20:01:53 INFO: - DELETE /posts/{id}
2025-08-07 20:01:53 INFO: - GET /posts/{id}
2025-08-07 20:01:53 INFO: - PUT /posts/{id}/vote
2025-08-07 20:01:54 INFO: Application shutting down
2025-08-07 21:34:47 INFO: new version
2025-08-07 21:34:47 INFO: Application starting up
2025-08-07 21:34:55 INFO: PostController initialized with endpoints:
2025-08-07 21:34:55 INFO: - GET /posts
2025-08-07 21:34:55 INFO: - POST /posts
2025-08-07 21:34:55 INFO: - PUT /posts/{id}
2025-08-07 21:34:55 INFO: - DELETE /posts/{id}
2025-08-07 21:34:55 INFO: - GET /posts/{id}
2025-08-07 21:34:55 INFO: - PUT /posts/{id}/vote
2025-08-07 21:34:55 INFO: Application shutting down
2025-08-07 21:58:53 INFO: new version
2025-08-07 21:58:53 INFO: Application starting up
2025-08-07 21:59:00 INFO: PostController initialized with endpoints:
2025-08-07 21:59:00 INFO: - GET /posts
2025-08-07 21:59:00 INFO: - POST /posts
2025-08-07 21:59:00 INFO: - PUT /posts/{id}
2025-08-07 21:59:00 INFO: - DELETE /posts/{id}
2025-08-07 21:59:00 INFO: - GET /posts/{id}
2025-08-07 21:59:00 INFO: - PUT /posts/{id}/vote
2025-08-07 21:59:00 INFO: Application shutting down
2025-08-07 23:13:13 INFO: new version
2025-08-07 23:13:13 INFO: Application starting up
2025-08-07 23:13:21 INFO: PostController initialized with endpoints:
2025-08-07 23:13:21 INFO: - GET /posts
2025-08-07 23:13:21 INFO: - POST /posts
2025-08-07 23:13:21 INFO: - PUT /posts/{id}
2025-08-07 23:13:21 INFO: - DELETE /posts/{id}
2025-08-07 23:13:21 INFO: - GET /posts/{id}
2025-08-07 23:13:21 INFO: - PUT /posts/{id}/vote
2025-08-07 23:13:21 INFO: Application shutting down
2025-08-07 23:23:05 INFO: new version
2025-08-07 23:23:05 INFO: Application starting up
2025-08-07 23:23:12 INFO: PostController initialized with endpoints:
2025-08-07 23:23:12 INFO: - GET /posts
2025-08-07 23:23:12 INFO: - POST /posts
2025-08-07 23:23:12 INFO: - PUT /posts/{id}
2025-08-07 23:23:12 INFO: - DELETE /posts/{id}
2025-08-07 23:23:12 INFO: - GET /posts/{id}
2025-08-07 23:23:12 INFO: - PUT /posts/{id}/vote
2025-08-07 23:23:12 INFO: Application shutting down
2025-08-08 00:01:39 INFO: new version
2025-08-08 00:01:39 INFO: Application starting up
2025-08-08 00:01:46 INFO: CommentController initialized with endpoints:
2025-08-08 00:01:46 INFO: - GET /comments/{commentId}
2025-08-08 00:01:46 INFO: - PUT /comments/{commentId}
2025-08-08 00:01:46 INFO: - DELETE /comments/{commentId}
2025-08-08 00:01:46 INFO: - PUT /comments/{commentId}/vote
2025-08-08 00:01:46 INFO: PostController initialized with endpoints:
2025-08-08 00:01:46 INFO: - GET /posts
2025-08-08 00:01:46 INFO: - POST /posts
2025-08-08 00:01:46 INFO: - PUT /posts/{id}
2025-08-08 00:01:46 INFO: - DELETE /posts/{id}
2025-08-08 00:01:46 INFO: - GET /posts/{id}
2025-08-08 00:01:46 INFO: - PUT /posts/{id}/vote
2025-08-08 00:01:47 INFO: Application shutting down
2025-08-08 00:04:29 INFO: new version
2025-08-08 00:04:29 INFO: Application starting up
2025-08-08 00:04:36 INFO: CommentController initialized with endpoints:
2025-08-08 00:04:36 INFO: - GET /comments/{commentId}
2025-08-08 00:04:36 INFO: - PUT /comments/{commentId}
2025-08-08 00:04:36 INFO: - DELETE /comments/{commentId}
2025-08-08 00:04:36 INFO: - PUT /comments/{commentId}/vote
2025-08-08 00:04:36 INFO: PostController initialized with endpoints:
2025-08-08 00:04:36 INFO: - GET /posts
2025-08-08 00:04:36 INFO: - POST /posts
2025-08-08 00:04:36 INFO: - PUT /posts/{id}
2025-08-08 00:04:36 INFO: - DELETE /posts/{id}
2025-08-08 00:04:36 INFO: - GET /posts/{id}
2025-08-08 00:04:36 INFO: - PUT /posts/{id}/vote
2025-08-08 00:04:36 INFO: Application shutting down
2025-08-08 12:24:50 INFO: new version
2025-08-08 12:24:50 INFO: Application starting up
2025-08-08 12:35:09 INFO: new version
2025-08-08 12:35:09 INFO: Application starting up
2025-08-08 12:43:45 INFO: new version
2025-08-08 12:43:45 INFO: Application starting up
2025-08-08 12:43:54 INFO: CommentController initialized with endpoints:
2025-08-08 12:43:54 INFO: - GET /comments/{commentId}
2025-08-08 12:43:54 INFO: - PUT /comments/{commentId}
2025-08-08 12:43:54 INFO: - DELETE /comments/{commentId}
2025-08-08 12:43:54 INFO: - PUT /comments/{commentId}/vote
2025-08-08 12:43:54 INFO: PostController initialized with endpoints:
2025-08-08 12:43:54 INFO: - GET /posts
2025-08-08 12:43:54 INFO: - POST /posts
2025-08-08 12:43:54 INFO: - PUT /posts/{id}
2025-08-08 12:43:54 INFO: - DELETE /posts/{id}
2025-08-08 12:43:54 INFO: - GET /posts/{id}
2025-08-08 12:43:54 INFO: - PUT /posts/{id}/vote
2025-08-08 12:43:55 INFO: Application shutting down
2025-08-08 16:38:50 INFO: new version
2025-08-08 16:38:50 INFO: Application starting up
2025-08-08 16:38:59 INFO: CommentController initialized with endpoints:
2025-08-08 16:38:59 INFO: - GET /comments/{commentId}
2025-08-08 16:38:59 INFO: - PUT /comments/{commentId}
2025-08-08 16:38:59 INFO: - DELETE /comments/{commentId}
2025-08-08 16:38:59 INFO: - PUT /comments/{commentId}/vote
2025-08-08 16:38:59 INFO: PostController initialized with endpoints:
2025-08-08 16:38:59 INFO: - GET /posts
2025-08-08 16:38:59 INFO: - POST /posts
2025-08-08 16:38:59 INFO: - PUT /posts/{id}
2025-08-08 16:38:59 INFO: - DELETE /posts/{id}
2025-08-08 16:38:59 INFO: - GET /posts/{id}
2025-08-08 16:38:59 INFO: - PUT /posts/{id}/vote
2025-08-08 16:38:59 INFO: Application shutting down
2025-08-08 17:39:54 INFO: new version
2025-08-08 17:39:54 INFO: Application starting up
2025-08-08 21:48:30 INFO: new version
2025-08-08 21:48:30 INFO: Application starting up
2025-08-08 21:57:09 INFO: new version
2025-08-08 21:57:09 INFO: Application starting up
2025-08-08 21:57:19 INFO: CommentController initialized with endpoints:
2025-08-08 21:57:19 INFO: - GET /comments/{commentId}
2025-08-08 21:57:19 INFO: - PUT /comments/{commentId}
2025-08-08 21:57:19 INFO: - DELETE /comments/{commentId}
2025-08-08 21:57:19 INFO: - PUT /comments/{commentId}/vote
2025-08-08 21:57:19 INFO: PostController initialized with endpoints:
2025-08-08 21:57:19 INFO: - GET /posts
2025-08-08 21:57:19 INFO: - POST /posts
2025-08-08 21:57:19 INFO: - PUT /posts/{id}
2025-08-08 21:57:19 INFO: - DELETE /posts/{id}
2025-08-08 21:57:19 INFO: - GET /posts/{id}
2025-08-08 21:57:19 INFO: - PUT /posts/{id}/vote
2025-08-08 21:57:20 INFO: Application shutting down
2025-08-10 00:15:54 INFO: new version
2025-08-10 00:15:54 INFO: Application starting up
2025-08-10 00:16:02 INFO: CommentController initialized with endpoints:
2025-08-10 00:16:02 INFO: - GET /comments/{commentId}
2025-08-10 00:16:02 INFO: - PUT /comments/{commentId}
2025-08-10 00:16:02 INFO: - DELETE /comments/{commentId}
2025-08-10 00:16:02 INFO: - PUT /comments/{commentId}/vote
2025-08-10 00:16:02 INFO: PostController initialized with endpoints:
2025-08-10 00:16:02 INFO: - GET /posts
2025-08-10 00:16:02 INFO: - POST /posts
2025-08-10 00:16:02 INFO: - PUT /posts/{id}
2025-08-10 00:16:02 INFO: - DELETE /posts/{id}
2025-08-10 00:16:02 INFO: - GET /posts/{id}
2025-08-10 00:16:02 INFO: - PUT /posts/{id}/vote
2025-08-10 00:16:02 INFO: Application shutting down
2025-08-10 00:39:11 INFO: new version
2025-08-10 00:39:11 INFO: Application starting up
2025-08-10 00:39:18 INFO: CommentController initialized with endpoints:
2025-08-10 00:39:18 INFO: - GET /comments/{commentId}
2025-08-10 00:39:18 INFO: - PUT /comments/{commentId}
2025-08-10 00:39:18 INFO: - DELETE /comments/{commentId}
2025-08-10 00:39:18 INFO: - PUT /comments/{commentId}/vote
2025-08-10 00:39:18 INFO: PostController initialized with endpoints:
2025-08-10 00:39:18 INFO: - GET /posts
2025-08-10 00:39:18 INFO: - POST /posts
2025-08-10 00:39:18 INFO: - PUT /posts/{id}
2025-08-10 00:39:18 INFO: - DELETE /posts/{id}
2025-08-10 00:39:18 INFO: - GET /posts/{id}
2025-08-10 00:39:18 INFO: - PUT /posts/{id}/vote
2025-08-10 00:39:19 INFO: Application shutting down
2025-08-10 00:39:26 INFO: new version
2025-08-10 00:39:26 INFO: Application starting up
2025-08-10 00:39:33 INFO: CommentController initialized with endpoints:
2025-08-10 00:39:33 INFO: - GET /comments/{commentId}
2025-08-10 00:39:33 INFO: - PUT /comments/{commentId}
2025-08-10 00:39:33 INFO: - DELETE /comments/{commentId}
2025-08-10 00:39:33 INFO: - PUT /comments/{commentId}/vote
2025-08-10 00:39:33 INFO: PostController initialized with endpoints:
2025-08-10 00:39:33 INFO: - GET /posts
2025-08-10 00:39:33 INFO: - POST /posts
2025-08-10 00:39:33 INFO: - PUT /posts/{id}
2025-08-10 00:39:34 INFO: - DELETE /posts/{id}
2025-08-10 00:39:34 INFO: - GET /posts/{id}
2025-08-10 00:39:34 INFO: - PUT /posts/{id}/vote
2025-08-10 00:39:34 INFO: Application shutting down
2025-08-10 00:50:08 INFO: new version
2025-08-10 00:50:08 INFO: Application starting up
2025-08-10 00:50:15 INFO: CommentController initialized with endpoints:
2025-08-10 00:50:15 INFO: - GET /comments/{commentId}
2025-08-10 00:50:15 INFO: - PUT /comments/{commentId}
2025-08-10 00:50:15 INFO: - DELETE /comments/{commentId}
2025-08-10 00:50:15 INFO: - PUT /comments/{commentId}/vote
2025-08-10 00:50:15 INFO: PostController initialized with endpoints:
2025-08-10 00:50:15 INFO: - GET /posts
2025-08-10 00:50:15 INFO: - POST /posts
2025-08-10 00:50:15 INFO: - PUT /posts/{id}
2025-08-10 00:50:15 INFO: - DELETE /posts/{id}
2025-08-10 00:50:15 INFO: - GET /posts/{id}
2025-08-10 00:50:15 INFO: - PUT /posts/{id}/vote
2025-08-10 00:50:16 INFO: Application shutting down
2025-08-10 00:53:10 INFO: new version
2025-08-10 00:53:10 INFO: Application starting up
2025-08-10 00:53:17 INFO: CommentController initialized with endpoints:
2025-08-10 00:53:17 INFO: - GET /comments/{commentId}
2025-08-10 00:53:17 INFO: - PUT /comments/{commentId}
2025-08-10 00:53:17 INFO: - DELETE /comments/{commentId}
2025-08-10 00:53:17 INFO: - PUT /comments/{commentId}/vote
2025-08-10 00:53:17 INFO: PostController initialized with endpoints:
2025-08-10 00:53:17 INFO: - GET /posts
2025-08-10 00:53:17 INFO: - POST /posts
2025-08-10 00:53:17 INFO: - PUT /posts/{id}
2025-08-10 00:53:17 INFO: - DELETE /posts/{id}
2025-08-10 00:53:17 INFO: - GET /posts/{id}
2025-08-10 00:53:17 INFO: - PUT /posts/{id}/vote
2025-08-10 00:53:18 INFO: Application shutting down
2025-08-10 01:07:06 INFO: new version
2025-08-10 01:07:06 INFO: Application starting up
2025-08-10 01:07:13 INFO: CommentController initialized with endpoints:
2025-08-10 01:07:13 INFO: - GET /comments/{commentId}
2025-08-10 01:07:13 INFO: - PUT /comments/{commentId}
2025-08-10 01:07:13 INFO: - DELETE /comments/{commentId}
2025-08-10 01:07:13 INFO: - PUT /comments/{commentId}/vote
2025-08-10 01:07:13 INFO: PostController initialized with endpoints:
2025-08-10 01:07:13 INFO: - GET /posts
2025-08-10 01:07:13 INFO: - POST /posts
2025-08-10 01:07:13 INFO: - PUT /posts/{id}
2025-08-10 01:07:13 INFO: - DELETE /posts/{id}
2025-08-10 01:07:13 INFO: - GET /posts/{id}
2025-08-10 01:07:13 INFO: - PUT /posts/{id}/vote
2025-08-10 01:07:13 INFO: Application shutting down
2025-08-10 18:42:17 INFO: new version
2025-08-10 18:42:17 INFO: Application starting up
2025-08-10 18:57:35 INFO: new version
2025-08-10 18:57:35 INFO: Application starting up
2025-08-10 18:57:42 INFO: CommentController initialized with endpoints:
2025-08-10 18:57:42 INFO: - GET /comments/{commentId}
2025-08-10 18:57:42 INFO: - PUT /comments/{commentId}
2025-08-10 18:57:42 INFO: - DELETE /comments/{commentId}
2025-08-10 18:57:42 INFO: - PUT /comments/{commentId}/vote
2025-08-10 18:57:42 INFO: PostController initialized with endpoints:
2025-08-10 18:57:42 INFO: - GET /posts
2025-08-10 18:57:42 INFO: - POST /posts
2025-08-10 18:57:42 INFO: - PUT /posts/{id}
2025-08-10 18:57:42 INFO: - DELETE /posts/{id}
2025-08-10 18:57:42 INFO: - GET /posts/{id}
2025-08-10 18:57:42 INFO: - PUT /posts/{id}/vote
2025-08-10 18:57:42 INFO: Application shutting down
2025-08-10 19:11:24 INFO: new version
2025-08-10 19:11:24 INFO: Application starting up
2025-08-10 19:11:35 INFO: CommentController initialized with endpoints:
2025-08-10 19:11:35 INFO: - GET /comments/{commentId}
2025-08-10 19:11:35 INFO: - PUT /comments/{commentId}
2025-08-10 19:11:35 INFO: - DELETE /comments/{commentId}
2025-08-10 19:11:35 INFO: - PUT /comments/{commentId}/vote
2025-08-10 19:11:35 INFO: PostController initialized with endpoints:
2025-08-10 19:11:35 INFO: - GET /posts
2025-08-10 19:11:35 INFO: - POST /posts
2025-08-10 19:11:35 INFO: - PUT /posts/{id}
2025-08-10 19:11:35 INFO: - DELETE /posts/{id}
2025-08-10 19:11:35 INFO: - GET /posts/{id}
2025-08-10 19:11:35 INFO: - PUT /posts/{id}/vote
2025-08-10 19:11:36 INFO: Application shutting down
2025-08-10 19:18:44 INFO: new version
2025-08-10 19:18:44 INFO: Application starting up
2025-08-10 19:18:52 INFO: CommentController initialized with endpoints:
2025-08-10 19:18:52 INFO: - GET /comments/{commentId}
2025-08-10 19:18:52 INFO: - PUT /comments/{commentId}
2025-08-10 19:18:52 INFO: - DELETE /comments/{commentId}
2025-08-10 19:18:52 INFO: - PUT /comments/{commentId}/vote
2025-08-10 19:18:52 INFO: PostController initialized with endpoints:
2025-08-10 19:18:52 INFO: - GET /posts
2025-08-10 19:18:52 INFO: - POST /posts
2025-08-10 19:18:52 INFO: - PUT /posts/{id}
2025-08-10 19:18:52 INFO: - DELETE /posts/{id}
2025-08-10 19:18:52 INFO: - GET /posts/{id}
2025-08-10 19:18:52 INFO: - PUT /posts/{id}/vote
2025-08-10 19:18:53 INFO: Application shutting down
